<?xml version="1.0" encoding="UTF-8"?>
<testng-results ignored="0" total="2" passed="2" failed="0" skipped="0">
  <reporter-output>
  </reporter-output>
  <suite started-at="2023-04-04T15:37:36 IST" name="Suite" finished-at="2023-04-04T15:37:45 IST" duration-ms="9901">
    <groups>
      <group name="Master">
        <method signature="TC_001_AccountRegistrationTest.test_account_registration()[pri:0, instance:testCases.TC_001_AccountRegistrationTest@49ec71f8]" name="test_account_registration" class="testCases.TC_001_AccountRegistrationTest"/>
        <method signature="TC_002_AccountLoginTest.login()[pri:0, instance:testCases.TC_002_AccountLoginTest@131774fe]" name="login" class="testCases.TC_002_AccountLoginTest"/>
      </group> <!-- Master -->
      <group name="Sanity">
        <method signature="TC_002_AccountLoginTest.login()[pri:0, instance:testCases.TC_002_AccountLoginTest@131774fe]" name="login" class="testCases.TC_002_AccountLoginTest"/>
      </group> <!-- Sanity -->
      <group name="Regression">
        <method signature="TC_001_AccountRegistrationTest.test_account_registration()[pri:0, instance:testCases.TC_001_AccountRegistrationTest@49ec71f8]" name="test_account_registration" class="testCases.TC_001_AccountRegistrationTest"/>
      </group> <!-- Regression -->
    </groups>
    <test started-at="2023-04-04T15:37:36 IST" name="chromeTest" finished-at="2023-04-04T15:37:45 IST" duration-ms="9901">
      <class name="testCases.TC_001_AccountRegistrationTest">
        <test-method is-config="true" signature="setup(java.lang.String)[pri:0, instance:testCases.TC_001_AccountRegistrationTest@49ec71f8]" started-at="2023-04-04T15:37:36 IST" name="setup" finished-at="2023-04-04T15:37:41 IST" duration-ms="5249" status="PASS">
          <params>
            <param index="0">
              <value>
                <![CDATA[chrome]]>
              </value>
            </param>
          </params>
          <reporter-output>
          </reporter-output>
        </test-method> <!-- setup -->
        <test-method signature="test_account_registration()[pri:0, instance:testCases.TC_001_AccountRegistrationTest@49ec71f8]" started-at="2023-04-04T15:37:41 IST" name="test_account_registration" finished-at="2023-04-04T15:37:43 IST" duration-ms="1840" status="PASS">
          <reporter-output>
          </reporter-output>
        </test-method> <!-- test_account_registration -->
        <test-method is-config="true" signature="tearDown()[pri:0, instance:testCases.TC_001_AccountRegistrationTest@49ec71f8]" started-at="2023-04-04T15:37:43 IST" name="tearDown" finished-at="2023-04-04T15:37:43 IST" duration-ms="140" status="PASS">
          <reporter-output>
          </reporter-output>
        </test-method> <!-- tearDown -->
      </class> <!-- testCases.TC_001_AccountRegistrationTest -->
      <class name="testCases.TC_002_AccountLoginTest">
        <test-method is-config="true" signature="setup(java.lang.String)[pri:0, instance:testCases.TC_002_AccountLoginTest@131774fe]" started-at="2023-04-04T15:37:43 IST" name="setup" finished-at="2023-04-04T15:37:44 IST" duration-ms="1366" status="PASS">
          <params>
            <param index="0">
              <value>
                <![CDATA[chrome]]>
              </value>
            </param>
          </params>
          <reporter-output>
          </reporter-output>
        </test-method> <!-- setup -->
        <test-method signature="login()[pri:0, instance:testCases.TC_002_AccountLoginTest@131774fe]" started-at="2023-04-04T15:37:44 IST" name="login" finished-at="2023-04-04T15:37:45 IST" duration-ms="916" status="PASS">
          <reporter-output>
          </reporter-output>
        </test-method> <!-- login -->
        <test-method is-config="true" signature="tearDown()[pri:0, instance:testCases.TC_002_AccountLoginTest@131774fe]" started-at="2023-04-04T15:37:45 IST" name="tearDown" finished-at="2023-04-04T15:37:45 IST" duration-ms="127" status="PASS">
          <reporter-output>
          </reporter-output>
        </test-method> <!-- tearDown -->
      </class> <!-- testCases.TC_002_AccountLoginTest -->
    </test> <!-- chromeTest -->
  </suite> <!-- Suite -->
</testng-results>
